###############################################################################
#                                                                             #
# IAR C/C++ Compiler V8.10.3.10338/W32 for 8051         19/Mar/2019  22:15:54 #
# Copyright 2004-2011 IAR Systems AB.                                         #
#                                                                             #
#    Core               =  plain                                              #
#    Code model         =  banked                                             #
#    Data model         =  large                                              #
#    Calling convention =  xdata reentrant                                    #
#    Constant location  =  data_rom                                           #
#    Dptr setup         =  1,16                                               #
#    Source file        =  C:\Users\CNiot\Desktop\20190310A                   #
#                          ·À»ð·ÀµÁÏµÍ³\Project\CNiot\DRIVER_API\OLED_codetab #
#                          .c                                                 #
#    Command line       =  -f "C:\Users\CNiot\Desktop\20190310A               #
#                          ·À»ð·ÀµÁÏµÍ³\Project\Projects\zstack\Samples\Gener #
#                          icApp\CC2530DB\..\..\..\Tools\CC2530DB\f8wCoord.cf #
#                          g" (-DCPU32MHZ -DROOT=__near_func                  #
#                          -DMAC_CFG_APP_PENDING_QUEUE=TRUE                   #
#                          -DZDO_COORDINATOR -DRTR_NWK -DBLINK_LEDS) -f       #
#                          "C:\Users\CNiot\Desktop\20190310A                  #
#                          ·À»ð·ÀµÁÏµÍ³\Project\Projects\zstack\Samples\Gener #
#                          icApp\CC2530DB\..\..\..\Tools\CC2530DB\f8wConfig.c #
#                          fg" (-DSECURE=0 -DZG_SECURE_DYNAMIC=0 -DREFLECTOR  #
#                          -DDEFAULT_CHANLIST=0x00000800                      #
#                          -DZDAPP_CONFIG_PAN_ID=0xFFFF                       #
#                          -DNWK_START_DELAY=100 -DEXTENDED_JOINING_RANDOM_MA #
#                          SK=0x007F -DBEACON_REQUEST_DELAY=100               #
#                          -DBEACON_REQ_DELAY_MASK=0x00FF                     #
#                          -DROUTE_EXPIRY_TIME=30 -DAPSC_ACK_WAIT_DURATION_PO #
#                          LLED=3000 -DNWK_INDIRECT_MSG_TIMEOUT=7             #
#                          -DMAX_RREQ_ENTRIES=8 -DAPSC_MAX_FRAME_RETRIES=3    #
#                          -DNWK_MAX_DATA_RETRIES=2                           #
#                          -DMAX_POLL_FAILURE_RETRIES=2 -DMAX_BCAST=9         #
#                          -DAPS_MAX_GROUPS=16 -DMAX_RTG_ENTRIES=40           #
#                          -DNWK_MAX_BINDING_ENTRIES=4                        #
#                          -DMAX_BINDING_CLUSTER_IDS=4 "-DDEFAULT_KEY={0x01,  #
#                          0x03, 0x05, 0x07, 0x09, 0x0B, 0x0D, 0x0F, 0x00,    #
#                          0x02, 0x04, 0x06, 0x08, 0x0A, 0x0C, 0x0D}"         #
#                          -DMAC_MAX_FRAME_SIZE=116 "-DCONST=const __code"    #
#                          -DGENERIC=__generic -DRFD_RCVC_ALWAYS_ON=FALSE     #
#                          -DPOLL_RATE=1000 -DQUEUED_POLL_RATE=100            #
#                          -DRESPONSE_POLL_RATE=100) -DREJOIN_POLL_RATE=440   #
#                          "C:\Users\CNiot\Desktop\20190310A                  #
#                          ·À»ð·ÀµÁÏµÍ³\Project\CNiot\DRIVER_API\OLED_codetab #
#                          .c" -D CNIOT -D ZTOOL_P1 -D MT_TASK -D             #
#                          MT_SYS_FUNC -D MT_ZDO_FUNC -lC                     #
#                          "C:\Users\CNiot\Desktop\20190310A                  #
#                          ·À»ð·ÀµÁÏµÍ³\Project\Projects\zstack\Samples\Gener #
#                          icApp\CC2530DB\CoordinatorEB\List\" -lA            #
#                          "C:\Users\CNiot\Desktop\20190310A                  #
#                          ·À»ð·ÀµÁÏµÍ³\Project\Projects\zstack\Samples\Gener #
#                          icApp\CC2530DB\CoordinatorEB\List\"                #
#                          --diag_suppress Pe001,Pa010 -o                     #
#                          "C:\Users\CNiot\Desktop\20190310A                  #
#                          ·À»ð·ÀµÁÏµÍ³\Project\Projects\zstack\Samples\Gener #
#                          icApp\CC2530DB\CoordinatorEB\Obj\" -e --debug      #
#                          --core=plain --dptr=16,1 --data_model=large        #
#                          --code_model=banked --calling_convention=xdata_ree #
#                          ntrant --place_constants=data_rom                  #
#                          --nr_virtual_regs 16 -I "C:\Users\CNiot\Desktop\20 #
#                          190310A ·À»ð·ÀµÁÏµÍ³\Project\Projects\zstack\Sampl #
#                          es\GenericApp\CC2530DB\" -I                        #
#                          "C:\Users\CNiot\Desktop\20190310A                  #
#                          ·À»ð·ÀµÁÏµÍ³\Project\Projects\zstack\Samples\Gener #
#                          icApp\CC2530DB\..\SOURCE\" -I                      #
#                          "C:\Users\CNiot\Desktop\20190310A                  #
#                          ·À»ð·ÀµÁÏµÍ³\Project\Projects\zstack\Samples\Gener #
#                          icApp\CC2530DB\..\..\..\ZMAIN\TI2530DB\" -I        #
#                          "C:\Users\CNiot\Desktop\20190310A                  #
#                          ·À»ð·ÀµÁÏµÍ³\Project\Projects\zstack\Samples\Gener #
#                          icApp\CC2530DB\..\..\..\..\..\COMPONENTS\MT\" -I   #
#                          "C:\Users\CNiot\Desktop\20190310A                  #
#                          ·À»ð·ÀµÁÏµÍ³\Project\Projects\zstack\Samples\Gener #
#                          icApp\CC2530DB\..\..\..\..\..\COMPONENTS\HAL\INCLU #
#                          DE\" -I "C:\Users\CNiot\Desktop\20190310A          #
#                          ·À»ð·ÀµÁÏµÍ³\Project\Projects\zstack\Samples\Gener #
#                          icApp\CC2530DB\..\..\..\..\..\COMPONENTS\HAL\TARGE #
#                          T\CC2530EB\" -I "C:\Users\CNiot\Desktop\20190310A  #
#                          ·À»ð·ÀµÁÏµÍ³\Project\Projects\zstack\Samples\Gener #
#                          icApp\CC2530DB\..\..\..\..\..\COMPONENTS\OSAL\MCU\ #
#                          CCSOC\" -I "C:\Users\CNiot\Desktop\20190310A       #
#                          ·À»ð·ÀµÁÏµÍ³\Project\Projects\zstack\Samples\Gener #
#                          icApp\CC2530DB\..\..\..\..\..\COMPONENTS\OSAL\INCL #
#                          UDE\" -I "C:\Users\CNiot\Desktop\20190310A         #
#                          ·À»ð·ÀµÁÏµÍ³\Project\Projects\zstack\Samples\Gener #
#                          icApp\CC2530DB\..\..\..\..\..\COMPONENTS\STACK\AF\ #
#                          " -I "C:\Users\CNiot\Desktop\20190310A             #
#                          ·À»ð·ÀµÁÏµÍ³\Project\Projects\zstack\Samples\Gener #
#                          icApp\CC2530DB\..\..\..\..\..\COMPONENTS\STACK\NWK #
#                          \" -I "C:\Users\CNiot\Desktop\20190310A            #
#                          ·À»ð·ÀµÁÏµÍ³\Project\Projects\zstack\Samples\Gener #
#                          icApp\CC2530DB\..\..\..\..\..\COMPONENTS\STACK\SEC #
#                          \" -I "C:\Users\CNiot\Desktop\20190310A            #
#                          ·À»ð·ÀµÁÏµÍ³\Project\Projects\zstack\Samples\Gener #
#                          icApp\CC2530DB\..\..\..\..\..\COMPONENTS\STACK\SAP #
#                          I\" -I "C:\Users\CNiot\Desktop\20190310A           #
#                          ·À»ð·ÀµÁÏµÍ³\Project\Projects\zstack\Samples\Gener #
#                          icApp\CC2530DB\..\..\..\..\..\COMPONENTS\STACK\SYS #
#                          \" -I "C:\Users\CNiot\Desktop\20190310A            #
#                          ·À»ð·ÀµÁÏµÍ³\Project\Projects\zstack\Samples\Gener #
#                          icApp\CC2530DB\..\..\..\..\..\COMPONENTS\STACK\ZDO #
#                          \" -I "C:\Users\CNiot\Desktop\20190310A            #
#                          ·À»ð·ÀµÁÏµÍ³\Project\Projects\zstack\Samples\Gener #
#                          icApp\CC2530DB\..\..\..\..\..\COMPONENTS\ZMAC\F8W\ #
#                          " -I "C:\Users\CNiot\Desktop\20190310A             #
#                          ·À»ð·ÀµÁÏµÍ³\Project\Projects\zstack\Samples\Gener #
#                          icApp\CC2530DB\..\..\..\..\..\COMPONENTS\ZMAC\"    #
#                          -I "C:\Users\CNiot\Desktop\20190310A               #
#                          ·À»ð·ÀµÁÏµÍ³\Project\Projects\zstack\Samples\Gener #
#                          icApp\CC2530DB\..\..\..\..\..\COMPONENTS\SERVICES\ #
#                          SADDR\" -I "C:\Users\CNiot\Desktop\20190310A       #
#                          ·À»ð·ÀµÁÏµÍ³\Project\Projects\zstack\Samples\Gener #
#                          icApp\CC2530DB\..\..\..\..\..\COMPONENTS\SERVICES\ #
#                          SDATA\" -I "C:\Users\CNiot\Desktop\20190310A       #
#                          ·À»ð·ÀµÁÏµÍ³\Project\Projects\zstack\Samples\Gener #
#                          icApp\CC2530DB\..\..\..\..\..\COMPONENTS\MAC\INCLU #
#                          DE\" -I "C:\Users\CNiot\Desktop\20190310A          #
#                          ·À»ð·ÀµÁÏµÍ³\Project\Projects\zstack\Samples\Gener #
#                          icApp\CC2530DB\..\..\..\..\..\COMPONENTS\MAC\HIGH_ #
#                          LEVEL\" -I "C:\Users\CNiot\Desktop\20190310A       #
#                          ·À»ð·ÀµÁÏµÍ³\Project\Projects\zstack\Samples\Gener #
#                          icApp\CC2530DB\..\..\..\..\..\COMPONENTS\MAC\LOW_L #
#                          EVEL\srf04\" -I "C:\Users\CNiot\Desktop\20190310A  #
#                          ·À»ð·ÀµÁÏµÍ³\Project\Projects\zstack\Samples\Gener #
#                          icApp\CC2530DB\..\..\..\..\..\COMPONENTS\MAC\LOW_L #
#                          EVEL\srf04\SINGLE_CHIP\" -I                        #
#                          "C:\Users\CNiot\Desktop\20190310A                  #
#                          ·À»ð·ÀµÁÏµÍ³\Project\Projects\zstack\Samples\Gener #
#                          icApp\CC2530DB\..\..\..\..\..\CNIOT\" -I           #
#                          "C:\Users\CNiot\Desktop\20190310A                  #
#                          ·À»ð·ÀµÁÏµÍ³\Project\Projects\zstack\Samples\Gener #
#                          icApp\CC2530DB\..\..\..\..\..\CNIOT\ZStack_API\"   #
#                          -I "C:\Users\CNiot\Desktop\20190310A               #
#                          ·À»ð·ÀµÁÏµÍ³\Project\Projects\zstack\Samples\Gener #
#                          icApp\CC2530DB\..\..\..\..\..\CNIOT\CC2530_API\"   #
#                          -I "C:\Users\CNiot\Desktop\20190310A               #
#                          ·À»ð·ÀµÁÏµÍ³\Project\Projects\zstack\Samples\Gener #
#                          icApp\CC2530DB\..\..\..\..\..\CNIOT\DRIVER_API\"   #
#                          -Ohz                                               #
#    List file          =  C:\Users\CNiot\Desktop\20190310A                   #
#                          ·À»ð·ÀµÁÏµÍ³\Project\Projects\zstack\Samples\Gener #
#                          icApp\CC2530DB\CoordinatorEB\List\OLED_codetab.lst #
#    Object file        =  C:\Users\CNiot\Desktop\20190310A                   #
#                          ·À»ð·ÀµÁÏµÍ³\Project\Projects\zstack\Samples\Gener #
#                          icApp\CC2530DB\CoordinatorEB\Obj\OLED_codetab.r51  #
#                                                                             #
#                                                                             #
###############################################################################

C:\Users\CNiot\Desktop\20190310A ·À»ð·ÀµÁÏµÍ³\Project\CNiot\DRIVER_API\OLED_codetab.c
      1          
      2          
      3          


 
 
 0 bytes of memory

Errors: none
Warnings: none
